<?xml version="1.0" encoding="UTF-8"?>
<testsuite xmlns:xsi="http://www.w3.org/2001/XMLSchema-instance" xsi:noNamespaceSchemaLocation="https://maven.apache.org/surefire/maven-surefire-plugin/xsd/surefire-test-report-3.0.xsd" version="3.0" name="TestSuite" time="9.648" tests="18" errors="0" skipped="17" failures="1">
  <properties>
    <property name="java.specification.version" value="14"/>
    <property name="webdriver.chrome.driver" value="driver/chromedriver.exe"/>
    <property name="sun.cpu.isalist" value="amd64"/>
    <property name="sun.jnu.encoding" value="Cp1252"/>
    <property name="java.class.path" value="C:\Users\katkaomk\eclipse-workspace\OpenEMRApplication\target\test-classes;C:\Users\katkaomk\eclipse-workspace\OpenEMRApplication\target\classes;C:\Users\katkaomk\.m2\repository\org\seleniumhq\selenium\selenium-java\3.141.59\selenium-java-3.141.59.jar;C:\Users\katkaomk\.m2\repository\org\seleniumhq\selenium\selenium-api\3.141.59\selenium-api-3.141.59.jar;C:\Users\katkaomk\.m2\repository\org\seleniumhq\selenium\selenium-chrome-driver\3.141.59\selenium-chrome-driver-3.141.59.jar;C:\Users\katkaomk\.m2\repository\org\seleniumhq\selenium\selenium-edge-driver\3.141.59\selenium-edge-driver-3.141.59.jar;C:\Users\katkaomk\.m2\repository\org\seleniumhq\selenium\selenium-firefox-driver\3.141.59\selenium-firefox-driver-3.141.59.jar;C:\Users\katkaomk\.m2\repository\org\seleniumhq\selenium\selenium-ie-driver\3.141.59\selenium-ie-driver-3.141.59.jar;C:\Users\katkaomk\.m2\repository\org\seleniumhq\selenium\selenium-opera-driver\3.141.59\selenium-opera-driver-3.141.59.jar;C:\Users\katkaomk\.m2\repository\org\seleniumhq\selenium\selenium-remote-driver\3.141.59\selenium-remote-driver-3.141.59.jar;C:\Users\katkaomk\.m2\repository\org\seleniumhq\selenium\selenium-safari-driver\3.141.59\selenium-safari-driver-3.141.59.jar;C:\Users\katkaomk\.m2\repository\org\seleniumhq\selenium\selenium-support\3.141.59\selenium-support-3.141.59.jar;C:\Users\katkaomk\.m2\repository\net\bytebuddy\byte-buddy\1.8.15\byte-buddy-1.8.15.jar;C:\Users\katkaomk\.m2\repository\org\apache\commons\commons-exec\1.3\commons-exec-1.3.jar;C:\Users\katkaomk\.m2\repository\com\google\guava\guava\25.0-jre\guava-25.0-jre.jar;C:\Users\katkaomk\.m2\repository\com\google\code\findbugs\jsr305\1.3.9\jsr305-1.3.9.jar;C:\Users\katkaomk\.m2\repository\org\checkerframework\checker-compat-qual\2.0.0\checker-compat-qual-2.0.0.jar;C:\Users\katkaomk\.m2\repository\com\google\errorprone\error_prone_annotations\2.1.3\error_prone_annotations-2.1.3.jar;C:\Users\katkaomk\.m2\repository\com\google\j2objc\j2objc-annotations\1.1\j2objc-annotations-1.1.jar;C:\Users\katkaomk\.m2\repository\org\codehaus\mojo\animal-sniffer-annotations\1.14\animal-sniffer-annotations-1.14.jar;C:\Users\katkaomk\.m2\repository\com\squareup\okhttp3\okhttp\3.11.0\okhttp-3.11.0.jar;C:\Users\katkaomk\.m2\repository\com\squareup\okio\okio\1.14.0\okio-1.14.0.jar;C:\Users\katkaomk\.m2\repository\org\testng\testng\7.1.0\testng-7.1.0.jar;C:\Users\katkaomk\.m2\repository\com\beust\jcommander\1.72\jcommander-1.72.jar;C:\Users\katkaomk\.m2\repository\com\google\inject\guice\4.1.0\guice-4.1.0-no_aop.jar;C:\Users\katkaomk\.m2\repository\javax\inject\javax.inject\1\javax.inject-1.jar;C:\Users\katkaomk\.m2\repository\aopalliance\aopalliance\1.0\aopalliance-1.0.jar;C:\Users\katkaomk\.m2\repository\org\yaml\snakeyaml\1.21\snakeyaml-1.21.jar;C:\Users\katkaomk\.m2\repository\org\apache\poi\poi\4.1.2\poi-4.1.2.jar;C:\Users\katkaomk\.m2\repository\commons-codec\commons-codec\1.13\commons-codec-1.13.jar;C:\Users\katkaomk\.m2\repository\org\apache\commons\commons-collections4\4.4\commons-collections4-4.4.jar;C:\Users\katkaomk\.m2\repository\org\apache\commons\commons-math3\3.6.1\commons-math3-3.6.1.jar;C:\Users\katkaomk\.m2\repository\com\zaxxer\SparseBitSet\1.2\SparseBitSet-1.2.jar;C:\Users\katkaomk\.m2\repository\org\apache\poi\poi-ooxml\4.1.2\poi-ooxml-4.1.2.jar;C:\Users\katkaomk\.m2\repository\org\apache\poi\poi-ooxml-schemas\4.1.2\poi-ooxml-schemas-4.1.2.jar;C:\Users\katkaomk\.m2\repository\org\apache\xmlbeans\xmlbeans\3.1.0\xmlbeans-3.1.0.jar;C:\Users\katkaomk\.m2\repository\org\apache\commons\commons-compress\1.19\commons-compress-1.19.jar;C:\Users\katkaomk\.m2\repository\com\github\virtuald\curvesapi\1.06\curvesapi-1.06.jar;"/>
    <property name="java.vm.vendor" value="Oracle Corporation"/>
    <property name="sun.arch.data.model" value="64"/>
    <property name="webdriver.ie.driver" value="driver/IEDriverServer.exe"/>
    <property name="user.variant" value=""/>
    <property name="java.vendor.url" value="https://java.oracle.com/"/>
    <property name="user.timezone" value="Asia/Calcutta"/>
    <property name="os.name" value="Windows 10"/>
    <property name="java.vm.specification.version" value="14"/>
    <property name="sun.java.launcher" value="SUN_STANDARD"/>
    <property name="user.country" value="US"/>
    <property name="sun.boot.library.path" value="C:\Program Files\Java\jdk-14.0.1\bin"/>
    <property name="sun.java.command" value="C:\Users\katkaomk\AppData\Local\Temp\surefire6670329086671265831\surefirebooter5799414029106490117.jar C:\Users\katkaomk\AppData\Local\Temp\surefire6670329086671265831 2020-07-03T16-39-08_623-jvmRun1 surefire12278867223959936360tmp surefire_09739675683418764637tmp"/>
    <property name="jdk.debug" value="release"/>
    <property name="surefire.test.class.path" value="C:\Users\katkaomk\eclipse-workspace\OpenEMRApplication\target\test-classes;C:\Users\katkaomk\eclipse-workspace\OpenEMRApplication\target\classes;C:\Users\katkaomk\.m2\repository\org\seleniumhq\selenium\selenium-java\3.141.59\selenium-java-3.141.59.jar;C:\Users\katkaomk\.m2\repository\org\seleniumhq\selenium\selenium-api\3.141.59\selenium-api-3.141.59.jar;C:\Users\katkaomk\.m2\repository\org\seleniumhq\selenium\selenium-chrome-driver\3.141.59\selenium-chrome-driver-3.141.59.jar;C:\Users\katkaomk\.m2\repository\org\seleniumhq\selenium\selenium-edge-driver\3.141.59\selenium-edge-driver-3.141.59.jar;C:\Users\katkaomk\.m2\repository\org\seleniumhq\selenium\selenium-firefox-driver\3.141.59\selenium-firefox-driver-3.141.59.jar;C:\Users\katkaomk\.m2\repository\org\seleniumhq\selenium\selenium-ie-driver\3.141.59\selenium-ie-driver-3.141.59.jar;C:\Users\katkaomk\.m2\repository\org\seleniumhq\selenium\selenium-opera-driver\3.141.59\selenium-opera-driver-3.141.59.jar;C:\Users\katkaomk\.m2\repository\org\seleniumhq\selenium\selenium-remote-driver\3.141.59\selenium-remote-driver-3.141.59.jar;C:\Users\katkaomk\.m2\repository\org\seleniumhq\selenium\selenium-safari-driver\3.141.59\selenium-safari-driver-3.141.59.jar;C:\Users\katkaomk\.m2\repository\org\seleniumhq\selenium\selenium-support\3.141.59\selenium-support-3.141.59.jar;C:\Users\katkaomk\.m2\repository\net\bytebuddy\byte-buddy\1.8.15\byte-buddy-1.8.15.jar;C:\Users\katkaomk\.m2\repository\org\apache\commons\commons-exec\1.3\commons-exec-1.3.jar;C:\Users\katkaomk\.m2\repository\com\google\guava\guava\25.0-jre\guava-25.0-jre.jar;C:\Users\katkaomk\.m2\repository\com\google\code\findbugs\jsr305\1.3.9\jsr305-1.3.9.jar;C:\Users\katkaomk\.m2\repository\org\checkerframework\checker-compat-qual\2.0.0\checker-compat-qual-2.0.0.jar;C:\Users\katkaomk\.m2\repository\com\google\errorprone\error_prone_annotations\2.1.3\error_prone_annotations-2.1.3.jar;C:\Users\katkaomk\.m2\repository\com\google\j2objc\j2objc-annotations\1.1\j2objc-annotations-1.1.jar;C:\Users\katkaomk\.m2\repository\org\codehaus\mojo\animal-sniffer-annotations\1.14\animal-sniffer-annotations-1.14.jar;C:\Users\katkaomk\.m2\repository\com\squareup\okhttp3\okhttp\3.11.0\okhttp-3.11.0.jar;C:\Users\katkaomk\.m2\repository\com\squareup\okio\okio\1.14.0\okio-1.14.0.jar;C:\Users\katkaomk\.m2\repository\org\testng\testng\7.1.0\testng-7.1.0.jar;C:\Users\katkaomk\.m2\repository\com\beust\jcommander\1.72\jcommander-1.72.jar;C:\Users\katkaomk\.m2\repository\com\google\inject\guice\4.1.0\guice-4.1.0-no_aop.jar;C:\Users\katkaomk\.m2\repository\javax\inject\javax.inject\1\javax.inject-1.jar;C:\Users\katkaomk\.m2\repository\aopalliance\aopalliance\1.0\aopalliance-1.0.jar;C:\Users\katkaomk\.m2\repository\org\yaml\snakeyaml\1.21\snakeyaml-1.21.jar;C:\Users\katkaomk\.m2\repository\org\apache\poi\poi\4.1.2\poi-4.1.2.jar;C:\Users\katkaomk\.m2\repository\commons-codec\commons-codec\1.13\commons-codec-1.13.jar;C:\Users\katkaomk\.m2\repository\org\apache\commons\commons-collections4\4.4\commons-collections4-4.4.jar;C:\Users\katkaomk\.m2\repository\org\apache\commons\commons-math3\3.6.1\commons-math3-3.6.1.jar;C:\Users\katkaomk\.m2\repository\com\zaxxer\SparseBitSet\1.2\SparseBitSet-1.2.jar;C:\Users\katkaomk\.m2\repository\org\apache\poi\poi-ooxml\4.1.2\poi-ooxml-4.1.2.jar;C:\Users\katkaomk\.m2\repository\org\apache\poi\poi-ooxml-schemas\4.1.2\poi-ooxml-schemas-4.1.2.jar;C:\Users\katkaomk\.m2\repository\org\apache\xmlbeans\xmlbeans\3.1.0\xmlbeans-3.1.0.jar;C:\Users\katkaomk\.m2\repository\org\apache\commons\commons-compress\1.19\commons-compress-1.19.jar;C:\Users\katkaomk\.m2\repository\com\github\virtuald\curvesapi\1.06\curvesapi-1.06.jar;"/>
    <property name="sun.cpu.endian" value="little"/>
    <property name="user.home" value="C:\Users\katkaomk"/>
    <property name="user.language" value="en"/>
    <property name="java.specification.vendor" value="Oracle Corporation"/>
    <property name="java.version.date" value="2020-04-14"/>
    <property name="java.home" value="C:\Program Files\Java\jdk-14.0.1"/>
    <property name="file.separator" value="\"/>
    <property name="basedir" value="C:\Users\katkaomk\eclipse-workspace\OpenEMRApplication"/>
    <property name="java.vm.compressedOopsMode" value="32-bit"/>
    <property name="line.separator" value="&#10;"/>
    <property name="java.vm.specification.vendor" value="Oracle Corporation"/>
    <property name="java.specification.name" value="Java Platform API Specification"/>
    <property name="surefire.real.class.path" value="C:\Users\katkaomk\AppData\Local\Temp\surefire6670329086671265831\surefirebooter5799414029106490117.jar"/>
    <property name="user.script" value=""/>
    <property name="sun.management.compiler" value="HotSpot 64-Bit Tiered Compilers"/>
    <property name="java.runtime.version" value="14.0.1+7"/>
    <property name="user.name" value="katkaomk"/>
    <property name="path.separator" value=";"/>
    <property name="os.version" value="10.0"/>
    <property name="java.runtime.name" value="OpenJDK Runtime Environment"/>
    <property name="file.encoding" value="Cp1252"/>
    <property name="java.vm.name" value="OpenJDK 64-Bit Server VM"/>
    <property name="localRepository" value="C:\Users\katkaomk\.m2\repository"/>
    <property name="java.vendor.url.bug" value="https://bugreport.java.com/bugreport/"/>
    <property name="java.io.tmpdir" value="C:\Users\katkaomk\AppData\Local\Temp\"/>
    <property name="java.version" value="14.0.1"/>
    <property name="user.dir" value="C:\Users\katkaomk\eclipse-workspace\OpenEMRApplication"/>
    <property name="os.arch" value="amd64"/>
    <property name="webdriver.gecko.driver" value="driver/geckodriver.exe"/>
    <property name="java.vm.specification.name" value="Java Virtual Machine Specification"/>
    <property name="sun.os.patch.level" value=""/>
    <property name="java.library.path" value="C:\Program Files\Java\jdk-14.0.1\bin;C:\WINDOWS\Sun\Java\bin;C:\WINDOWS\system32;C:\WINDOWS;C:\WINDOWS\system32;C:\WINDOWS;C:\WINDOWS\System32\Wbem;C:\WINDOWS\System32\WindowsPowerShell\v1.0\;C:\Program Files\dotnet\;C:\Program Files\Microsoft SQL Server\130\Tools\Binn\;C:\Program Files\Microsoft SQL Server\Client SDK\ODBC\170\Tools\Binn\;C:\Program Files\Microsoft SQL Server\Client SDK\ODBC\130\Tools\Binn\;C:\Program Files (x86)\Microsoft SQL Server\140\Tools\Binn\;C:\Program Files\Microsoft SQL Server\140\Tools\Binn\;C:\Program Files\Microsoft SQL Server\140\DTS\Binn\;C:\Program Files (x86)\Microsoft SQL Server\150\DTS\Binn\;C:\Program Files\Intel\WiFi\bin\;C:\Program Files\Common Files\Intel\WirelessCommon\;C:\Program Files\Java\jdk-14.0.1;C:\Program Files\Java\jdk-14.0.1\bin;C:\Program Files\Java\jdk-14.0.1\lib;C:\Program Files\Git\cmd;C:\Selenium\apache-maven-3.6.3-bin\apache-maven-3.6.3\bin;C:\Users\katkaomk\AppData\Local\Microsoft\WindowsApps;C:\Program Files\Intel\WiFi\bin\;C:\Program Files\Common Files\Intel\WirelessCommon\;;."/>
    <property name="java.vm.info" value="mixed mode, sharing"/>
    <property name="java.vendor" value="Oracle Corporation"/>
    <property name="java.vm.version" value="14.0.1+7"/>
    <property name="sun.io.unicode.encoding" value="UnicodeLittle"/>
    <property name="java.class.version" value="58.0"/>
  </properties>
  <testcase name="init[ff](0)" classname="com.tieto.test.LoginTest" time="7.789">
    <failure message="null value in entry: url=null" type="java.lang.NullPointerException"><![CDATA[java.lang.NullPointerException: null value in entry: url=null
]]></failure>
    <system-err><![CDATA[1593774552797	mozrunner::runner	INFO	Running command: "C:\\Program Files\\Mozilla Firefox\\firefox.exe" "-marionette" "-foreground" "-no-remote" "-profile" "C:\\Users\\katkaomk\\AppData\\Local\\Temp\\rust_mozprofileafNmq2"
JavaScript error: resource://gre/modules/XULStore.jsm, line 66: Error: Can't find profile directory.
1593774557806	Marionette	INFO	Listening on port 62260
1593774558022	Marionette	WARN	TLS certificate errors will be ignored for this session
Jul 03, 2020 4:39:18 PM org.openqa.selenium.remote.ProtocolHandshake createSession
INFO: Detected dialect: W3C
]]></system-err>
  </testcase>
  <testcase name="checkLinkCountTest" classname="com.tieto.test.LoginTest" time="0">
    <skipped message="null value in entry: url=null"/>
  </testcase>
  <testcase name="end" classname="com.tieto.test.LoginTest" time="0">
    <skipped/>
  </testcase>
  <testcase name="end" classname="com.tieto.test.LoginTest" time="0">
    <skipped/>
  </testcase>
  <testcase name="end" classname="com.tieto.test.LoginTest" time="0">
    <skipped/>
  </testcase>
  <testcase name="end" classname="com.tieto.test.LoginTest" time="0">
    <skipped/>
  </testcase>
  <testcase name="end" classname="com.tieto.test.LoginTest" time="0">
    <skipped/>
  </testcase>
  <testcase name="end" classname="com.tieto.test.LoginTest" time="0">
    <skipped/>
  </testcase>
  <testcase name="init" classname="com.tieto.test.LoginTest" time="0">
    <skipped/>
    <system-out><![CDATA[4
4



]]></system-out>
  </testcase>
  <testcase name="init" classname="com.tieto.test.LoginTest" time="0">
    <skipped/>
  </testcase>
  <testcase name="init" classname="com.tieto.test.LoginTest" time="0">
    <skipped/>
  </testcase>
  <testcase name="init" classname="com.tieto.test.LoginTest" time="0">
    <skipped/>
  </testcase>
  <testcase name="init" classname="com.tieto.test.LoginTest" time="0">
    <skipped/>
  </testcase>
  <testcase name="validCredentialTest" classname="com.tieto.test.LoginTest" time="0">
    <skipped message="null value in entry: url=null"/>
  </testcase>
  <testcase name="validCredentialTest" classname="com.tieto.test.LoginTest" time="0">
    <skipped message="null value in entry: url=null"/>
  </testcase>
  <testcase name="validCredentialTest" classname="com.tieto.test.LoginTest" time="0">
    <skipped message="null value in entry: url=null"/>
  </testcase>
  <testcase name="invalidCredentialTest" classname="com.tieto.test.LoginTest" time="0">
    <skipped message="null value in entry: url=null"/>
  </testcase>
  <testcase name="invalidCredentialTest" classname="com.tieto.test.LoginTest" time="0">
    <skipped message="null value in entry: url=null"/>
  </testcase>
</testsuite>