<?xml version="1.0" encoding="UTF-8"?>
<!-- Generated by org.testng.reporters.JUnitReportReporter -->
<testsuite hostname="WL307180" failures="0" tests="1" name="com.tieto.test.DemoTest" time="0.924" errors="0" timestamp="2020-07-03T13:30:49 IST" skipped="0">
  <testcase classname="com.tieto.test.DemoTest" name="excelRead" time="0.924"/>
  <system-out/>
</testsuite> <!-- com.tieto.test.DemoTest -->
